<?xml version="1.0" encoding="utf-8"?><testsuites name="pytest tests"><testsuite name="pytest" errors="0" failures="0" skipped="0" tests="22" time="3.937" timestamp="2026-03-22T20:40:19.827998+00:00" hostname="agent-env-a806f395-4e5a-46f6-9084-ed900f7aba35"><testcase classname="backend.tests.test_kronaflow.TestAuth" name="test_register_new_user" time="0.632" /><testcase classname="backend.tests.test_kronaflow.TestAuth" name="test_login_valid" time="0.703" /><testcase classname="backend.tests.test_kronaflow.TestAuth" name="test_login_invalid" time="0.105" /><testcase classname="backend.tests.test_kronaflow.TestAuth" name="test_get_me" time="0.144" /><testcase classname="backend.tests.test_kronaflow.TestDashboard" name="test_dashboard_stats" time="0.123" /><testcase classname="backend.tests.test_kronaflow.TestTransactions" name="test_create_expense_transaction" time="0.136" /><testcase classname="backend.tests.test_kronaflow.TestTransactions" name="test_create_income_transaction" time="0.140" /><testcase classname="backend.tests.test_kronaflow.TestTransactions" name="test_get_transactions" time="0.140" /><testcase classname="backend.tests.test_kronaflow.TestTransactions" name="test_update_transaction" time="0.105" /><testcase classname="backend.tests.test_kronaflow.TestTransactions" name="test_delete_transaction" time="0.110" /><testcase classname="backend.tests.test_kronaflow.TestBudgets" name="test_create_budget" time="0.132" /><testcase classname="backend.tests.test_kronaflow.TestBudgets" name="test_get_budgets" time="0.176" /><testcase classname="backend.tests.test_kronaflow.TestBudgets" name="test_delete_budget" time="0.111" /><testcase classname="backend.tests.test_kronaflow.TestAssets" name="test_create_asset" time="0.173" /><testcase classname="backend.tests.test_kronaflow.TestAssets" name="test_get_assets" time="0.103" /><testcase classname="backend.tests.test_kronaflow.TestAssets" name="test_delete_asset" time="0.100" /><testcase classname="backend.tests.test_kronaflow.TestDebts" name="test_create_debt" time="0.124" /><testcase classname="backend.tests.test_kronaflow.TestDebts" name="test_get_debts" time="0.111" /><testcase classname="backend.tests.test_kronaflow.TestDebts" name="test_make_payment" time="0.140" /><testcase classname="backend.tests.test_kronaflow.TestDebts" name="test_delete_debt" time="0.100" /><testcase classname="backend.tests.test_kronaflow.TestProfile" name="test_update_profile" time="0.104" /><testcase classname="backend.tests.test_kronaflow.TestProfile" name="test_logout" time="0.103" /></testsuite></testsuites>